0 info it worked if it ends with ok
1 verbose cli [ 'node', '/usr/local/bin/npm', 'install', 'gulp-css-globbing' ]
2 info using npm@2.5.1
3 info using node@v0.12.1
4 silly cache add args [ 'gulp-css-globbing', null ]
5 verbose cache add spec gulp-css-globbing
6 silly cache add parsed spec { raw: 'gulp-css-globbing',
6 silly cache add   scope: null,
6 silly cache add   name: 'gulp-css-globbing',
6 silly cache add   rawSpec: '',
6 silly cache add   spec: '*',
6 silly cache add   type: 'range' }
7 verbose addNamed gulp-css-globbing@*
8 silly addNamed semver.valid null
9 silly addNamed semver.validRange *
10 silly addNameRange { name: 'gulp-css-globbing', range: '*', hasData: false }
11 silly mapToRegistry name gulp-css-globbing
12 silly mapToRegistry using default registry
13 silly mapToRegistry registry https://registry.npmjs.org/
14 silly mapToRegistry uri https://registry.npmjs.org/gulp-css-globbing
15 verbose addNameRange registry:https://registry.npmjs.org/gulp-css-globbing not in flight; fetching
16 verbose request uri https://registry.npmjs.org/gulp-css-globbing
17 verbose request no auth needed
18 info attempt registry request try #1 at 3:19:13 PM
19 verbose request id a16acdc8cbcdfb30
20 verbose etag "CNR8F8DQZQL41OCLX92Y12P4C"
21 http request GET https://registry.npmjs.org/gulp-css-globbing
22 http 200 https://registry.npmjs.org/gulp-css-globbing
23 silly get cb [ 200,
23 silly get   { date: 'Fri, 24 Apr 2015 13:19:14 GMT',
23 silly get     server: 'CouchDB/1.5.0 (Erlang OTP/R16B03)',
23 silly get     etag: '"EC4ZGUUTZS3BF0O62O0QSBBGH"',
23 silly get     'content-type': 'application/json',
23 silly get     'cache-control': 'max-age=60',
23 silly get     'content-length': '15279',
23 silly get     'accept-ranges': 'bytes',
23 silly get     via: '1.1 varnish',
23 silly get     age: '0',
23 silly get     'x-served-by': 'cache-ams4123-AMS',
23 silly get     'x-cache': 'MISS',
23 silly get     'x-cache-hits': '0',
23 silly get     'x-timer': 'S1429881553.975615,VS0,VE384',
23 silly get     vary: 'Accept',
23 silly get     'keep-alive': 'timeout=10, max=50',
23 silly get     connection: 'Keep-Alive' } ]
24 verbose get saving gulp-css-globbing to /Users/al0a/.npm/registry.npmjs.org/gulp-css-globbing/.cache.json
25 silly addNameRange number 2 { name: 'gulp-css-globbing', range: '*', hasData: true }
26 silly addNameRange versions [ 'gulp-css-globbing',
26 silly addNameRange   [ '0.1.0',
26 silly addNameRange     '0.1.1',
26 silly addNameRange     '0.1.2',
26 silly addNameRange     '0.1.3',
26 silly addNameRange     '0.1.4',
26 silly addNameRange     '0.1.5',
26 silly addNameRange     '0.1.6',
26 silly addNameRange     '0.1.7' ] ]
27 verbose addNamed gulp-css-globbing@0.1.7
28 silly addNamed semver.valid 0.1.7
29 silly addNamed semver.validRange 0.1.7
30 silly mapToRegistry name gulp-css-globbing
31 silly mapToRegistry using default registry
32 silly mapToRegistry registry https://registry.npmjs.org/
33 silly mapToRegistry uri https://registry.npmjs.org/gulp-css-globbing
34 verbose addRemoteTarball https://registry.npmjs.org/gulp-css-globbing/-/gulp-css-globbing-0.1.7.tgz not in flight; adding
35 verbose addRemoteTarball [ 'https://registry.npmjs.org/gulp-css-globbing/-/gulp-css-globbing-0.1.7.tgz',
35 verbose addRemoteTarball   'b9b2d7353a6e092489989cb188346f22877173b9' ]
36 info retry fetch attempt 1 at 3:19:14 PM
37 info attempt registry request try #1 at 3:19:14 PM
38 http fetch GET https://registry.npmjs.org/gulp-css-globbing/-/gulp-css-globbing-0.1.7.tgz
39 http fetch 200 https://registry.npmjs.org/gulp-css-globbing/-/gulp-css-globbing-0.1.7.tgz
40 silly fetchAndShaCheck shasum b9b2d7353a6e092489989cb188346f22877173b9
41 verbose addTmpTarball /var/folders/gg/l_m6b4lj07b2hgv7whng5qf00000gn/T/npm-30287-f3eabfec/registry.npmjs.org/gulp-css-globbing/-/gulp-css-globbing-0.1.7.tgz not in flight; adding
42 verbose addTmpTarball already have metadata; skipping unpack for gulp-css-globbing@0.1.7
43 verbose stack Error: EACCES, mkdir '/Users/al0a/.npm/gulp-css-globbing/0.1.7'
43 verbose stack     at Error (native)
44 verbose cwd /Library/WebServer/Documents/al0a/DropSolid/Websites/customprojects/repos/gulp_ds_v2
45 error Darwin 13.4.0
46 error argv "node" "/usr/local/bin/npm" "install" "gulp-css-globbing"
47 error node v0.12.1
48 error npm  v2.5.1
49 error path /Users/al0a/.npm/gulp-css-globbing/0.1.7
50 error code EACCES
51 error errno -13
52 error Error: EACCES, mkdir '/Users/al0a/.npm/gulp-css-globbing/0.1.7'
52 error     at Error (native)
52 error  { [Error: EACCES, mkdir '/Users/al0a/.npm/gulp-css-globbing/0.1.7']
52 error   errno: -13,
52 error   code: 'EACCES',
52 error   path: '/Users/al0a/.npm/gulp-css-globbing/0.1.7' }
53 error Please try running this command again as root/Administrator.
54 verbose exit [ -13, true ]
